[2025-07-19 05:42:34,042] INFO in main_service: Server starting up...
[2025-07-19 05:42:48,084] INFO in main_service: Server starting up...
[2025-07-19 05:42:48,390] INFO in main_service: Server shutting down
[2025-07-19 05:42:49,606] INFO in main_service: Server starting up...
[2025-07-19 05:46:15,963] INFO in main_service: Server shutting down...
[2025-07-19 05:46:17,272] INFO in main_service: Server starting up...
[2025-07-19 05:48:59,507] INFO in auth: User vlad.solovey7777s@gmail.com successfully registered
[2025-07-19 05:50:53,565] INFO in main_service: Server shutting down...
[2025-07-19 05:50:54,855] INFO in main_service: Server starting up...
[2025-07-19 05:51:21,065] INFO in main_service: Server shutting down...
[2025-07-19 05:51:22,326] INFO in main_service: Server starting up...
[2025-07-19 05:52:31,074] INFO in main_service: Server shutting down...
[2025-07-19 05:52:32,327] INFO in main_service: Server starting up...
[2025-07-19 05:53:47,537] INFO in main_service: Server shutting down...
[2025-07-19 05:53:48,768] INFO in main_service: Server starting up...
[2025-07-19 05:55:18,111] INFO in main_service: Server shutting down...
[2025-07-19 05:55:19,378] INFO in main_service: Server starting up...
[2025-07-19 05:56:56,643] INFO in main_service: Server shutting down...
[2025-07-19 05:56:57,924] INFO in main_service: Server starting up...
[2025-07-19 05:57:12,351] INFO in main_service: Server shutting down...
[2025-07-19 05:57:13,606] INFO in main_service: Server starting up...
[2025-07-19 05:59:23,845] INFO in main_service: Server shutting down...
[2025-07-19 05:59:25,168] INFO in main_service: Server starting up...
[2025-07-19 06:00:49,443] INFO in main_service: Server shutting down...
[2025-07-19 06:00:50,701] INFO in main_service: Server starting up...
[2025-07-19 06:02:23,980] INFO in main_service: Server shutting down...
[2025-07-19 06:02:25,284] INFO in main_service: Server starting up...
[2025-07-19 06:02:38,164] INFO in main_service: Server shutting down...
[2025-07-19 06:02:39,400] INFO in main_service: Server starting up...
[2025-07-19 06:03:00,019] INFO in main_service: Server shutting down...
[2025-07-19 06:03:01,238] INFO in main_service: Server starting up...
[2025-07-19 06:03:43,987] INFO in main_service: Server shutting down...
[2025-07-19 06:03:45,244] INFO in main_service: Server starting up...
[2025-07-19 06:04:16,534] INFO in main_service: Server shutting down...
[2025-07-19 06:04:17,755] INFO in main_service: Server starting up...
[2025-07-19 06:05:05,739] INFO in main_service: Server shutting down...
[2025-07-19 06:05:06,974] INFO in main_service: Server starting up...
[2025-07-19 06:24:48,413] INFO in main_service: Server shutting down...
{"asctime": "2025-07-19 06:28:07,182", "levelname": "INFO", "module": "main_service", "message": "Server starting up..."}
{"asctime": "2025-07-19 06:44:08,527", "levelname": "INFO", "module": "main_service", "message": "Server shutting down..."}
{"asctime": "2025-07-19 06:44:09,836", "levelname": "INFO", "module": "main_service", "message": "Server starting up..."}
{"asctime": "2025-07-19 06:44:15,497", "levelname": "INFO", "module": "main_service", "message": "Server shutting down..."}
{"asctime": "2025-07-19 06:44:16,721", "levelname": "INFO", "module": "main_service", "message": "Server starting up..."}
{"asctime": "2025-07-19 06:44:57,396", "levelname": "INFO", "module": "main_service", "message": "Server shutting down..."}
{"asctime": "2025-07-19 06:49:42,104", "levelname": "INFO", "module": "main_service", "message": "Server starting up..."}
{"asctime": "2025-07-19 06:49:48,861", "levelname": "INFO", "module": "auth", "message": "User vlad.solovey777s7s@gmail.com successfully registered"}
{"asctime": "2025-07-19 06:50:38,297", "levelname": "INFO", "module": "main_service", "message": "Server shutting down..."}
{"asctime": "2025-07-19 06:50:39,526", "levelname": "INFO", "module": "main_service", "message": "Server starting up..."}
{"asctime": "2025-07-19 06:51:27,211", "levelname": "INFO", "module": "main_service", "message": "Server shutting down..."}
{"asctime": "2025-07-19 06:51:28,444", "levelname": "INFO", "module": "main_service", "message": "Server starting up..."}
{"asctime": "2025-07-19 06:52:13,679", "levelname": "INFO", "module": "main_service", "message": "Server shutting down..."}
{"asctime": "2025-07-19 06:52:14,878", "levelname": "INFO", "module": "main_service", "message": "Server starting up..."}
{"asctime": "2025-07-19 06:53:23,297", "levelname": "INFO", "module": "main_service", "message": "Server shutting down..."}
{"asctime": "2025-07-19 06:53:24,537", "levelname": "INFO", "module": "main_service", "message": "Server starting up..."}
{"asctime": "2025-07-19 06:53:43,284", "levelname": "INFO", "module": "main_service", "message": "Server shutting down..."}
{"asctime": "2025-07-19 06:53:44,509", "levelname": "INFO", "module": "main_service", "message": "Server starting up..."}
{"asctime": "2025-07-19 06:54:04,165", "levelname": "INFO", "module": "main_service", "message": "Server shutting down..."}
{"asctime": "2025-07-19 06:54:05,380", "levelname": "INFO", "module": "main_service", "message": "Server starting up..."}
{"asctime": "2025-07-19 06:55:53,931", "levelname": "INFO", "module": "main_service", "message": "Server shutting down..."}
{"asctime": "2025-07-19 06:55:55,232", "levelname": "INFO", "module": "main_service", "message": "Server starting up..."}
{"asctime": "2025-07-19 06:56:26,010", "levelname": "INFO", "module": "main_service", "message": "Server shutting down..."}
{"asctime": "2025-07-19 06:56:27,258", "levelname": "INFO", "module": "main_service", "message": "Server starting up..."}
{"asctime": "2025-07-19 06:58:39,439", "levelname": "INFO", "module": "main_service", "message": "Server shutting down..."}
{"asctime": "2025-07-19 06:58:40,748", "levelname": "INFO", "module": "main_service", "message": "Server starting up..."}
{"asctime": "2025-07-19 06:59:24,696", "levelname": "INFO", "module": "main_service", "message": "Server shutting down..."}
{"asctime": "2025-07-19 06:59:25,954", "levelname": "INFO", "module": "main_service", "message": "Server starting up..."}
{"asctime": "2025-07-19 07:02:24,178", "levelname": "INFO", "module": "main_service", "message": "Server shutting down..."}
{"asctime": "2025-07-19 07:02:25,402", "levelname": "INFO", "module": "main_service", "message": "Server starting up..."}
{"asctime": "2025-07-19 07:02:31,528", "levelname": "INFO", "module": "main_service", "message": "Server shutting down..."}
{"asctime": "2025-07-19 07:02:32,713", "levelname": "INFO", "module": "main_service", "message": "Server starting up..."}
{"asctime": "2025-07-19 07:02:50,651", "levelname": "INFO", "module": "main_service", "message": "Server shutting down..."}
{"asctime": "2025-07-19 07:02:51,827", "levelname": "INFO", "module": "main_service", "message": "Server starting up..."}
{"asctime": "2025-07-19 07:04:07,584", "levelname": "INFO", "module": "main_service", "message": "Server shutting down..."}
{"asctime": "2025-07-19 07:04:25,766", "levelname": "INFO", "module": "main_service", "message": "Server starting up..."}
{"asctime": "2025-07-19 07:05:02,768", "levelname": "INFO", "module": "main_service", "message": "Server shutting down..."}
{"asctime": "2025-07-19 07:05:03,953", "levelname": "INFO", "module": "main_service", "message": "Server starting up..."}
{"asctime": "2025-07-19 07:05:37,075", "levelname": "INFO", "module": "main_service", "message": "Server shutting down..."}
{"asctime": "2025-07-19 07:05:38,256", "levelname": "INFO", "module": "main_service", "message": "Server starting up..."}
{"asctime": "2025-07-19 07:37:09,617", "levelname": "INFO", "module": "main_service", "message": "Server shutting down..."}
{"asctime": "2025-07-19 08:58:15,431", "levelname": "INFO", "module": "redis", "message": "Redis initialized on port 6379"}
{"asctime": "2025-07-19 08:58:15,495", "levelname": "INFO", "module": "main_service", "message": "Server starting up..."}
{"asctime": "2025-07-19 08:59:52,242", "levelname": "INFO", "module": "main_service", "message": "Server shutting down..."}
{"asctime": "2025-07-19 08:59:53,454", "levelname": "INFO", "module": "redis", "message": "Redis initialized on port 6379"}
{"asctime": "2025-07-19 08:59:53,505", "levelname": "INFO", "module": "main_service", "message": "Server starting up..."}
{"asctime": "2025-07-19 09:00:44,294", "levelname": "INFO", "module": "main_service", "message": "Server shutting down..."}
{"asctime": "2025-07-19 09:00:45,499", "levelname": "INFO", "module": "redis", "message": "Redis initialized on port 6379"}
{"asctime": "2025-07-19 09:00:45,575", "levelname": "INFO", "module": "main_service", "message": "Server starting up..."}
{"asctime": "2025-07-19 09:00:48,580", "levelname": "INFO", "module": "main_service", "message": "Server shutting down..."}
{"asctime": "2025-07-19 09:00:54,865", "levelname": "INFO", "module": "redis", "message": "Redis initialized on port 6379"}
{"asctime": "2025-07-19 09:00:54,918", "levelname": "INFO", "module": "main_service", "message": "Server starting up..."}
{"asctime": "2025-07-19 09:11:44,026", "levelname": "INFO", "module": "main_service", "message": "Server shutting down..."}
{"asctime": "2025-07-19 09:11:45,377", "levelname": "INFO", "module": "redis", "message": "Redis initialized on port 6379"}
{"asctime": "2025-07-19 09:11:45,434", "levelname": "INFO", "module": "main_service", "message": "Server starting up..."}
{"asctime": "2025-07-19 09:11:56,059", "levelname": "INFO", "module": "main_service", "message": "Server shutting down..."}
{"asctime": "2025-07-19 09:13:09,531", "levelname": "INFO", "module": "redis", "message": "Redis initialized on port 6379"}
{"asctime": "2025-07-19 09:13:09,587", "levelname": "INFO", "module": "main_service", "message": "Server starting up..."}{"asctime": "2025-07-19 09:42:59,559", "levelname": "INFO", "module": "main_service", "message": "Server shutting down..."}
{"asctime": "2025-07-19 09:43:00,688", "levelname": "INFO", "module": "redis", "message": "Redis initialized on port 6379"}
{"asctime": "2025-07-19 09:43:00,742", "levelname": "INFO", "module": "main_service", "message": "Server starting up..."}
{"asctime": "2025-07-19 09:43:01,885", "levelname": "INFO", "module": "redis", "message": "Redis initialized on port 6379"}
{"asctime": "2025-07-19 09:43:01,927", "levelname": "INFO", "module": "main_service", "message": "Server starting up..."}
{"asctime": "2025-07-19 09:43:06,461", "levelname": "INFO", "module": "main_service", "message": "Server shutting down..."}
{"asctime": "2025-07-19 09:43:10,499", "levelname": "INFO", "module": "redis", "message": "Redis initialized on port 6379"}
{"asctime": "2025-07-19 09:43:10,559", "levelname": "INFO", "module": "main_service", "message": "Server starting up..."}
{"asctime": "2025-07-19 09:43:12,205", "levelname": "INFO", "module": "main_service", "message": "Server shutting down..."}
{"asctime": "2025-07-19 11:01:36,401", "levelname": "INFO", "module": "redis", "message": "Redis initialized on port 6379"}
{"asctime": "2025-07-19 11:01:36,455", "levelname": "INFO", "module": "main_service", "message": "Server starting up..."}
{"asctime": "2025-07-19 11:02:26,742", "levelname": "INFO", "module": "main_service", "message": "Server shutting down..."}
{"asctime": "2025-07-19 11:02:27,979", "levelname": "INFO", "module": "redis", "message": "Redis initialized on port 6379"}
{"asctime": "2025-07-19 11:02:28,036", "levelname": "INFO", "module": "main_service", "message": "Server starting up..."}
{"asctime": "2025-07-19 11:02:49,859", "levelname": "INFO", "module": "main_service", "message": "Server shutting down..."}
{"asctime": "2025-07-19 11:02:51,070", "levelname": "INFO", "module": "redis", "message": "Redis initialized on port 6379"}
{"asctime": "2025-07-19 11:02:51,124", "levelname": "INFO", "module": "main_service", "message": "Server starting up..."}
{"asctime": "2025-07-19 11:03:33,327", "levelname": "INFO", "module": "main_service", "message": "Server shutting down..."}
{"asctime": "2025-07-19 11:03:34,663", "levelname": "INFO", "module": "redis", "message": "Redis initialized on port 6379"}
{"asctime": "2025-07-19 11:03:34,722", "levelname": "INFO", "module": "main_service", "message": "Server starting up..."}
{"asctime": "2025-07-19 11:05:07,562", "levelname": "INFO", "module": "main_service", "message": "Server shutting down..."}
{"asctime": "2025-07-19 11:05:12,305", "levelname": "INFO", "module": "redis", "message": "Redis initialized on port 6379"}
{"asctime": "2025-07-19 11:05:12,356", "levelname": "INFO", "module": "main_service", "message": "Server starting up..."}
{"asctime": "2025-07-19 11:06:25,414", "levelname": "INFO", "module": "db", "message": "Database initialized successfully"}
{"asctime": "2025-07-19 11:06:25,422", "levelname": "WARNING", "module": "auth", "message": "Signup rejected: username already in use for vladislavssa"}
{"asctime": "2025-07-19 11:06:25,423", "levelname": "ERROR", "module": "auth", "message": "Unexpected error during signup for vladislavssa / vlad.solovey777s7s@gmail.com", "exc_info": "Traceback (most recent call last):\n  File \"D:\\VScodeFile\\Projects\\Backend\\LoginBackend\\services\\auth.py\", line 44, in signup\n    raise HTTPException(\nfastapi.exceptions.HTTPException: 400: Username already exists"}
{"asctime": "2025-07-19 11:11:21,178", "levelname": "INFO", "module": "main_service", "message": "Server shutting down..."}
{"asctime": "2025-07-19 11:11:22,434", "levelname": "INFO", "module": "redis", "message": "Redis initialized on port 6379"}
{"asctime": "2025-07-19 11:11:22,486", "levelname": "INFO", "module": "main_service", "message": "Server starting up..."}
{"asctime": "2025-07-19 11:11:24,413", "levelname": "INFO", "module": "main_service", "message": "Server shutting down..."}
{"asctime": "2025-07-19 11:11:25,588", "levelname": "INFO", "module": "redis", "message": "Redis initialized on port 6379"}
{"asctime": "2025-07-19 11:11:25,642", "levelname": "INFO", "module": "main_service", "message": "Server starting up..."}
{"asctime": "2025-07-19 11:31:24,273", "levelname": "INFO", "module": "main_service", "message": "Server shutting down..."}
{"asctime": "2025-07-19 11:33:46,238", "levelname": "INFO", "module": "redis", "message": "Redis initialized on port 6379"}
{"asctime": "2025-07-19 11:33:46,292", "levelname": "INFO", "module": "main_service", "message": "Server starting up..."}
{"asctime": "2025-07-19 11:34:43,168", "levelname": "INFO", "module": "main_service", "message": "Server shutting down..."}
{"asctime": "2025-07-19 11:35:14,653", "levelname": "INFO", "module": "redis", "message": "Redis initialized on port 6379"}
{"asctime": "2025-07-19 11:35:32,588", "levelname": "INFO", "module": "redis", "message": "Redis initialized on port 6379"}
{"asctime": "2025-07-19 11:35:32,640", "levelname": "INFO", "module": "main_service", "message": "Server starting up..."}
{"asctime": "2025-07-19 11:35:55,547", "levelname": "INFO", "module": "main_service", "message": "Server shutting down..."}
{"asctime": "2025-07-19 11:35:56,768", "levelname": "INFO", "module": "redis", "message": "Redis initialized on port 6379"}
{"asctime": "2025-07-19 11:35:56,842", "levelname": "INFO", "module": "main_service", "message": "Server starting up..."}
{"asctime": "2025-07-19 11:35:59,765", "levelname": "INFO", "module": "main_service", "message": "Server shutting down..."}
{"asctime": "2025-07-19 11:36:00,981", "levelname": "INFO", "module": "redis", "message": "Redis initialized on port 6379"}
{"asctime": "2025-07-19 11:36:01,037", "levelname": "INFO", "module": "main_service", "message": "Server starting up..."}
{"asctime": "2025-07-19 11:36:04,300", "levelname": "INFO", "module": "main_service", "message": "Server shutting down..."}
{"asctime": "2025-07-19 11:36:05,534", "levelname": "INFO", "module": "redis", "message": "Redis initialized on port 6379"}
{"asctime": "2025-07-19 11:36:05,608", "levelname": "INFO", "module": "main_service", "message": "Server starting up..."}
{"asctime": "2025-07-19 11:36:09,175", "levelname": "INFO", "module": "main_service", "message": "Server shutting down..."}
{"asctime": "2025-07-19 11:36:10,445", "levelname": "INFO", "module": "redis", "message": "Redis initialized on port 6379"}
{"asctime": "2025-07-19 11:36:10,505", "levelname": "INFO", "module": "main_service", "message": "Server starting up..."}
{"asctime": "2025-07-19 11:36:14,084", "levelname": "INFO", "module": "main_service", "message": "Server shutting down..."}
{"asctime": "2025-07-19 11:36:15,323", "levelname": "INFO", "module": "redis", "message": "Redis initialized on port 6379"}
{"asctime": "2025-07-19 11:36:15,381", "levelname": "INFO", "module": "main_service", "message": "Server starting up..."}
{"asctime": "2025-07-19 11:38:03,200", "levelname": "INFO", "module": "main_service", "message": "Server shutting down..."}
{"asctime": "2025-07-19 11:38:04,464", "levelname": "INFO", "module": "redis", "message": "Redis initialized on port 6379"}
{"asctime": "2025-07-19 11:38:04,517", "levelname": "INFO", "module": "main_service", "message": "Server starting up..."}
{"asctime": "2025-07-19 11:39:42,544", "levelname": "INFO", "module": "main_service", "message": "Server shutting down..."}
{"asctime": "2025-07-19 11:39:43,788", "levelname": "INFO", "module": "redis", "message": "Redis initialized on port 6379"}
{"asctime": "2025-07-19 11:39:43,839", "levelname": "INFO", "module": "main_service", "message": "Server starting up..."}
{"asctime": "2025-07-19 11:43:34,562", "levelname": "INFO", "module": "main_service", "message": "Server shutting down..."}
{"asctime": "2025-07-19 11:43:55,495", "levelname": "INFO", "module": "redis", "message": "Redis initialized on port 6379"}
{"asctime": "2025-07-19 11:43:55,549", "levelname": "INFO", "module": "main_service", "message": "Server starting up..."}
{"asctime": "2025-07-19 11:46:16,923", "levelname": "INFO", "module": "main_service", "message": "Server shutting down..."}
{"asctime": "2025-07-19 11:46:18,517", "levelname": "INFO", "module": "redis", "message": "Redis initialized on port 6379"}
{"asctime": "2025-07-19 11:46:18,566", "levelname": "INFO", "module": "main_service", "message": "Server starting up..."}
{"asctime": "2025-07-19 11:46:41,165", "levelname": "INFO", "module": "db", "message": "Database initialized successfully"}
{"asctime": "2025-07-19 11:46:41,172", "levelname": "WARNING", "module": "auth", "message": "Signup rejected: username already in use for vladislavssa"}
{"asctime": "2025-07-19 11:47:06,863", "levelname": "INFO", "module": "main_service", "message": "Server shutting down..."}
{"asctime": "2025-07-19 11:47:08,382", "levelname": "INFO", "module": "redis", "message": "Redis initialized on port 6379"}
{"asctime": "2025-07-19 11:47:08,439", "levelname": "INFO", "module": "main_service", "message": "Server starting up..."}
{"asctime": "2025-07-19 11:47:10,163", "levelname": "INFO", "module": "main_service", "message": "Server shutting down..."}
{"asctime": "2025-07-19 11:47:11,652", "levelname": "INFO", "module": "redis", "message": "Redis initialized on port 6379"}
{"asctime": "2025-07-19 11:47:11,700", "levelname": "INFO", "module": "main_service", "message": "Server starting up..."}
{"asctime": "2025-07-19 11:47:13,423", "levelname": "INFO", "module": "db", "message": "Database initialized successfully"}
{"asctime": "2025-07-19 11:47:13,429", "levelname": "ERROR", "module": "auth", "message": "Signup rejected: username already in use for 'vladislavssa'"}
{"asctime": "2025-07-19 11:48:49,219", "levelname": "INFO", "module": "main_service", "message": "Server shutting down..."}
{"asctime": "2025-07-19 11:48:50,746", "levelname": "INFO", "module": "redis", "message": "Redis initialized on port 6379"}
{"asctime": "2025-07-19 11:48:50,793", "levelname": "INFO", "module": "main_service", "message": "Server starting up..."}
{"asctime": "2025-07-19 11:49:02,199", "levelname": "INFO", "module": "main_service", "message": "Server shutting down..."}
{"asctime": "2025-07-19 11:49:03,709", "levelname": "INFO", "module": "redis", "message": "Redis initialized on port 6379"}
{"asctime": "2025-07-19 11:49:03,756", "levelname": "INFO", "module": "main_service", "message": "Server starting up..."}
{"asctime": "2025-07-19 11:49:08,548", "levelname": "INFO", "module": "db", "message": "Database initialized successfully"}
{"asctime": "2025-07-19 11:49:08,554", "levelname": "ERROR", "module": "auth", "message": "Signup rejected: username already in use for 'vladislavssa'"}
{"asctime": "2025-07-19 11:50:54,404", "levelname": "INFO", "module": "main_service", "message": "Server shutting down..."}
{"asctime": "2025-07-19 11:50:55,985", "levelname": "INFO", "module": "redis", "message": "Redis initialized on port 6379"}
{"asctime": "2025-07-19 11:50:56,036", "levelname": "INFO", "module": "main_service", "message": "Server starting up..."}
{"asctime": "2025-07-19 11:51:03,963", "levelname": "INFO", "module": "main_service", "message": "Server shutting down..."}
{"asctime": "2025-07-19 11:51:05,500", "levelname": "INFO", "module": "redis", "message": "Redis initialized on port 6379"}
{"asctime": "2025-07-19 11:51:05,550", "levelname": "INFO", "module": "main_service", "message": "Server starting up..."}
{"asctime": "2025-07-19 11:51:07,943", "levelname": "INFO", "module": "db", "message": "Database initialized successfully"}
{"asctime": "2025-07-19 11:51:07,950", "levelname": "ERROR", "module": "auth", "message": "Signup rejected: username already in use for 'vladislavssa'"}
{"asctime": "2025-07-19 11:51:55,035", "levelname": "INFO", "module": "main_service", "message": "Server shutting down..."}
{"asctime": "2025-07-19 11:51:56,541", "levelname": "INFO", "module": "redis", "message": "Redis initialized on port 6379"}
{"asctime": "2025-07-19 11:51:56,590", "levelname": "INFO", "module": "main_service", "message": "Server starting up..."}
{"asctime": "2025-07-19 11:51:59,340", "levelname": "INFO", "module": "db", "message": "Database initialized successfully"}
{"asctime": "2025-07-19 11:51:59,346", "levelname": "ERROR", "module": "auth", "message": "Signup rejected: username already in use for 'vladislavssa'"}
{"asctime": "2025-07-19 11:52:09,293", "levelname": "INFO", "module": "main_service", "message": "Server shutting down..."}
{"asctime": "2025-07-19 11:52:10,783", "levelname": "INFO", "module": "redis", "message": "Redis initialized on port 6379"}
{"asctime": "2025-07-19 11:52:10,834", "levelname": "INFO", "module": "main_service", "message": "Server starting up..."}
{"asctime": "2025-07-19 11:52:11,762", "levelname": "INFO", "module": "db", "message": "Database initialized successfully"}
{"asctime": "2025-07-19 11:52:11,769", "levelname": "ERROR", "module": "auth", "message": "Signup rejected: username already in use for 'vladislavssa'"}
{"asctime": "2025-07-19 11:52:29,442", "levelname": "INFO", "module": "main_service", "message": "Server shutting down..."}
{"asctime": "2025-07-19 11:52:30,944", "levelname": "INFO", "module": "redis", "message": "Redis initialized on port 6379"}
{"asctime": "2025-07-19 11:52:30,993", "levelname": "INFO", "module": "main_service", "message": "Server starting up..."}
{"asctime": "2025-07-19 11:52:32,639", "levelname": "INFO", "module": "db", "message": "Database initialized successfully"}
{"asctime": "2025-07-19 11:52:32,646", "levelname": "ERROR", "module": "auth", "message": "Signup rejected: username already in use for 'vladislavssa'"}
{"asctime": "2025-07-19 11:53:33,215", "levelname": "INFO", "module": "main_service", "message": "Server shutting down..."}
{"asctime": "2025-07-19 11:53:34,701", "levelname": "INFO", "module": "redis", "message": "Redis initialized on port 6379"}
{"asctime": "2025-07-19 11:53:34,749", "levelname": "INFO", "module": "main_service", "message": "Server starting up..."}
{"asctime": "2025-07-19 11:53:36,224", "levelname": "INFO", "module": "db", "message": "Database initialized successfully"}
{"asctime": "2025-07-19 11:53:36,230", "levelname": "ERROR", "module": "auth", "message": "Signup rejected: username already in use for 'vladislavssa'"}
{"asctime": "2025-07-19 11:55:44,186", "levelname": "INFO", "module": "main_service", "message": "Server shutting down..."}
{"asctime": "2025-07-19 11:55:45,672", "levelname": "INFO", "module": "redis", "message": "Redis initialized on port 6379"}
{"asctime": "2025-07-19 11:55:45,720", "levelname": "INFO", "module": "main_service", "message": "Server starting up..."}
{"asctime": "2025-07-19 11:57:33,681", "levelname": "INFO", "module": "main_service", "message": "Server shutting down..."}
{"asctime": "2025-07-19 11:57:35,229", "levelname": "INFO", "module": "redis", "message": "Redis initialized on port 6379"}
{"asctime": "2025-07-19 11:57:35,277", "levelname": "INFO", "module": "main_service", "message": "Server starting up..."}
{"asctime": "2025-07-19 11:57:52,935", "levelname": "INFO", "module": "main_service", "message": "Server shutting down..."}
{"asctime": "2025-07-19 11:57:54,349", "levelname": "INFO", "module": "redis", "message": "Redis initialized on port 6379"}
{"asctime": "2025-07-19 11:57:54,399", "levelname": "INFO", "module": "main_service", "message": "Server starting up..."}
{"asctime": "2025-07-19 11:57:57,074", "levelname": "INFO", "module": "db", "message": "Database initialized successfully"}
{"asctime": "2025-07-19 11:57:57,081", "levelname": "ERROR", "module": "auth", "message": "Signup rejected: username already in use for 'vladislavssa'"}
{"asctime": "2025-07-19 12:00:45,634", "levelname": "INFO", "module": "main_service", "message": "Server shutting down..."}
{"asctime": "2025-07-19 12:00:47,176", "levelname": "INFO", "module": "redis", "message": "Redis initialized on port 6379"}
{"asctime": "2025-07-19 12:00:47,226", "levelname": "INFO", "module": "main_service", "message": "Server starting up..."}
{"asctime": "2025-07-19 12:01:56,938", "levelname": "INFO", "module": "main_service", "message": "Server shutting down..."}
{"asctime": "2025-07-19 12:01:58,424", "levelname": "INFO", "module": "redis", "message": "Redis initialized on port 6379"}
{"asctime": "2025-07-19 12:01:58,476", "levelname": "INFO", "module": "main_service", "message": "Server starting up..."}
{"asctime": "2025-07-19 12:02:06,927", "levelname": "INFO", "module": "main_service", "message": "Server shutting down..."}
{"asctime": "2025-07-19 12:02:08,426", "levelname": "INFO", "module": "redis", "message": "Redis initialized on port 6379"}
{"asctime": "2025-07-19 12:02:08,473", "levelname": "INFO", "module": "main_service", "message": "Server starting up..."}
{"asctime": "2025-07-19 12:02:09,948", "levelname": "INFO", "module": "db", "message": "Database initialized successfully"}
{"asctime": "2025-07-19 12:02:09,955", "levelname": "ERROR", "module": "auth", "message": "Signup rejected: username already in use for 'vladislavssa'"}
{"asctime": "2025-07-19 12:02:22,288", "levelname": "INFO", "module": "db", "message": "Database initialized successfully"}
{"asctime": "2025-07-19 12:02:22,290", "levelname": "ERROR", "module": "auth", "message": "Signup rejected: username already in use for 'vladislavssa'"}
{"asctime": "2025-07-19 12:02:37,992", "levelname": "INFO", "module": "main_service", "message": "Server shutting down..."}
{"asctime": "2025-07-19 12:02:39,426", "levelname": "INFO", "module": "redis", "message": "Redis initialized on port 6379"}
{"asctime": "2025-07-19 12:02:39,475", "levelname": "INFO", "module": "main_service", "message": "Server starting up..."}
{"asctime": "2025-07-19 12:02:43,359", "levelname": "INFO", "module": "db", "message": "Database initialized successfully"}
{"asctime": "2025-07-19 12:02:43,366", "levelname": "ERROR", "module": "auth", "message": "Signup rejected: username already in use for 'vladislavssa'"}
{"asctime": "2025-07-19 12:02:55,453", "levelname": "INFO", "module": "main_service", "message": "Server shutting down..."}
{"asctime": "2025-07-19 12:02:56,868", "levelname": "INFO", "module": "redis", "message": "Redis initialized on port 6379"}
{"asctime": "2025-07-19 12:02:56,917", "levelname": "INFO", "module": "main_service", "message": "Server starting up..."}
{"asctime": "2025-07-19 12:02:59,929", "levelname": "INFO", "module": "db", "message": "Database initialized successfully"}
{"asctime": "2025-07-19 12:02:59,935", "levelname": "ERROR", "module": "auth", "message": "Signup rejected: username already in use for 'vladislavssa'"}
{"asctime": "2025-07-19 12:04:14,557", "levelname": "INFO", "module": "main_service", "message": "Server shutting down..."}
{"asctime": "2025-07-19 12:04:16,031", "levelname": "INFO", "module": "redis", "message": "Redis initialized on port 6379"}
{"asctime": "2025-07-19 12:04:16,080", "levelname": "INFO", "module": "main_service", "message": "Server starting up..."}
{"asctime": "2025-07-19 12:04:18,657", "levelname": "INFO", "module": "db", "message": "Database initialized successfully"}
{"asctime": "2025-07-19 12:04:18,664", "levelname": "ERROR", "module": "auth", "message": "Signup rejected: username already in use for 'vladislavssa'"}
{"asctime": "2025-07-19 12:04:42,782", "levelname": "INFO", "module": "main_service", "message": "Server shutting down..."}
{"asctime": "2025-07-19 12:13:18,645", "levelname": "INFO", "module": "redis", "message": "Redis initialized on port 6379"}
{"asctime": "2025-07-19 12:13:18,690", "levelname": "INFO", "module": "main_service", "message": "Server starting up..."}
{"asctime": "2025-07-19 12:13:26,465", "levelname": "INFO", "module": "db", "message": "Database initialized successfully"}
{"asctime": "2025-07-19 12:13:26,531", "levelname": "INFO", "module": "auth", "message": "User vlad.solovey7s77s7s@gmail.com successfully registered"}
{"asctime": "2025-07-19 12:14:24,328", "levelname": "INFO", "module": "main_service", "message": "Server shutting down..."}
{"asctime": "2025-07-19 12:14:25,811", "levelname": "INFO", "module": "redis", "message": "Redis initialized on port 6379"}
{"asctime": "2025-07-19 12:14:25,858", "levelname": "INFO", "module": "main_service", "message": "Server starting up..."}
{"asctime": "2025-07-19 12:23:33,273", "levelname": "INFO", "module": "main_service", "message": "Server shutting down..."}
